<?xml version="1.0" encoding="utf-8"?><testsuites><testsuite name="pytest" errors="0" failures="0" skipped="0" tests="3" time="56.563" timestamp="2023-09-07T11:56:17.733892" hostname="LAPTOP-PNQN0EA4"><testcase classname="test_HomePage.TestHomePage" name="test_formSubmission[getData0]" time="21.773" /><testcase classname="test_HomePage.TestHomePage" name="test_formSubmission[getData1]" time="7.540" /><testcase classname="test_e2etest.TestOne" name="test_e2etesting" time="27.189" /></testsuite></testsuites>